<?xml version="1.0" encoding="UTF-8"?>
<!-- Generated by org.testng.reporters.JUnitReportReporter -->
<testsuite hostname="Banti" failures="0" tests="3" name="api.tescases.UserTest" time="0.758" errors="0" timestamp="2024-09-08T00:28:14 EDT" skipped="0">
  <testcase classname="api.tescases.UserTest" name="testCreateUser" time="0.216"/>
  <testcase classname="api.tescases.UserTest" name="testGetUser" time="0.203"/>
  <testcase classname="api.tescases.UserTest" name="testUpdateUser" time="0.339"/>
</testsuite> <!-- api.tescases.UserTest -->
