<?xml version="1.0" encoding="UTF-8"?>
<!-- Generated by org.testng.reporters.JUnitReportReporter -->
<testsuite hostname="Banti" failures="0" tests="4" name="api.tescases.UserTestDD" time="3.378" errors="0" timestamp="2024-09-08T00:28:14 EDT" skipped="0">
  <testcase classname="api.tescases.UserTestDD" name="testCreateUser" time="0.208"/>
  <testcase classname="api.tescases.UserTestDD" name="testCreateUser" time="0.180"/>
  <testcase classname="api.tescases.UserTestDD" name="testCreateUser" time="0.172"/>
  <testcase classname="api.tescases.UserTestDD" name="testCreateUser" time="2.818"/>
</testsuite> <!-- api.tescases.UserTestDD -->
